<?xml version="1.0" encoding="UTF-8"?>
<!-- Generated by org.testng.reporters.JUnitReportReporter -->
<testsuite hostname="VIPEELA" failures="0" tests="1" name="testNg_study.GeckoTest" time="20.289" errors="0" timestamp="2022-11-23T23:31:29 IST" skipped="0">
  <testcase classname="testNg_study.GeckoTest" name="FirefoxTest" time="20.289"/>
  <system-out>
    <![CDATA[Hi flipkar is lunched ]]>
  </system-out>
</testsuite> <!-- testNg_study.GeckoTest -->
