<?xml version="1.0" encoding="UTF-8"?>
<!-- Generated by org.testng.reporters.JUnitReportReporter -->
<testsuite hostname="VIPEELA" failures="0" tests="2" name="testNG_XMLfile.Testing_1" time="0.008" errors="0" timestamp="2022-11-15T00:57:10 IST" skipped="0">
  <testcase classname="testNG_XMLfile.Testing_1" name="V" time="0.007"/>
  <system-out>
    <![CDATA[V is running]]>
  </system-out>
  <testcase classname="testNG_XMLfile.Testing_1" name="M" time="0.001"/>
  <system-out>
    <![CDATA[M is running]]>
  </system-out>
</testsuite> <!-- testNG_XMLfile.Testing_1 -->
