<?xml version="1.0" encoding="UTF-8"?>
<!-- Generated by org.testng.reporters.JUnitReportReporter -->
<testsuite hostname="VIPEELA" failures="0" tests="4" name="testNG_XMLfile.Testing_2" time="0.007" errors="0" timestamp="2022-11-15T00:57:10 IST" skipped="0">
  <testcase classname="testNG_XMLfile.Testing_2" name="S" time="0.001"/>
  <system-out>
    <![CDATA[S is running]]>
  </system-out>
  <testcase classname="testNG_XMLfile.Testing_2" name="Q" time="0.001"/>
  <system-out>
    <![CDATA[Q is running]]>
  </system-out>
  <testcase classname="testNG_XMLfile.Testing_2" name="T" time="0.002"/>
  <system-out>
    <![CDATA[T is running]]>
  </system-out>
  <testcase classname="testNG_XMLfile.Testing_2" name="F" time="0.003"/>
  <system-out>
    <![CDATA[F is running]]>
  </system-out>
</testsuite> <!-- testNG_XMLfile.Testing_2 -->
