<?xml version="1.0" encoding="UTF-8"?>
<!-- Generated by org.testng.reporters.JUnitReportReporter -->
<testsuite hostname="VIPEELA" failures="0" tests="4" name="testNg_study.testNgclass2" time="0.014" errors="0" timestamp="2022-11-14T23:38:11 IST" skipped="0">
  <testcase classname="testNg_study.testNgclass2" name="C" time="0.004"/>
  <system-out>
    <![CDATA[C is running]]>
  </system-out>
  <testcase classname="testNg_study.testNgclass2" name="A" time="0.007"/>
  <system-out>
    <![CDATA[A is running]]>
  </system-out>
  <testcase classname="testNg_study.testNgclass2" name="B" time="0.002"/>
  <system-out>
    <![CDATA[B is running]]>
  </system-out>
  <testcase classname="testNg_study.testNgclass2" name="D" time="0.001"/>
  <system-out>
    <![CDATA[D is running]]>
  </system-out>
</testsuite> <!-- testNg_study.testNgclass2 -->
