<?xml version="1.0" encoding="UTF-8"?>
<!-- Generated by org.testng.reporters.JUnitReportReporter -->
<testsuite hostname="VIPEELA" failures="0" tests="2" name="crossBrowerTesting.CB_Test" time="12.113" errors="0" timestamp="2022-11-24T13:31:26 IST" skipped="0">
  <testcase classname="crossBrowerTesting.CB_Test" name="lunchBrower" time="4.920"/>
  <system-out/>
  <testcase classname="crossBrowerTesting.CB_Test" name="lunchBrower" time="7.193"/>
  <system-out/>
</testsuite> <!-- crossBrowerTesting.CB_Test -->
