<?xml version="1.0" encoding="UTF-8"?>
<!-- Generated by org.testng.reporters.JUnitReportReporter -->
<testsuite hostname="VIPEELA" failures="0" tests="6" name="testNG_XMLfile.Testing3_groups" time="0.020" errors="0" timestamp="2022-11-16T21:56:43 IST" skipped="0">
  <testcase classname="testNG_XMLfile.Testing3_groups" name="A" time="0.010"/>
  <system-out>
    <![CDATA[A is running]]>
  </system-out>
  <testcase classname="testNG_XMLfile.Testing3_groups" name="X" time="0.000"/>
  <system-out>
    <![CDATA[X is running]]>
  </system-out>
  <testcase classname="testNG_XMLfile.Testing3_groups" name="V" time="0.001"/>
  <system-out>
    <![CDATA[V is running]]>
  </system-out>
  <testcase classname="testNG_XMLfile.Testing3_groups" name="H" time="0.004"/>
  <system-out>
    <![CDATA[K is running]]>
  </system-out>
  <testcase classname="testNG_XMLfile.Testing3_groups" name="W" time="0.001"/>
  <system-out>
    <![CDATA[W is running]]>
  </system-out>
  <testcase classname="testNG_XMLfile.Testing3_groups" name="Y" time="0.004"/>
  <system-out>
    <![CDATA[Y is running]]>
  </system-out>
</testsuite> <!-- testNG_XMLfile.Testing3_groups -->
