<?xml version="1.0" encoding="UTF-8"?>
<!-- Generated by org.testng.reporters.JUnitReportReporter -->
<testsuite hostname="VIPEELA" failures="0" tests="1" name="neoTestClass.UserNameValidation" time="22.843" errors="0" timestamp="2022-11-27T23:45:23 IST" skipped="0">
  <testcase classname="neoTestClass.UserNameValidation" name="validateUserId" time="22.843"/>
  <system-out>
    <![CDATA[validating userid password and taking screeshot]]>
  </system-out>
</testsuite> <!-- neoTestClass.UserNameValidation -->
