<?xml version="1.0" encoding="UTF-8"?>
<!-- Generated by org.testng.reporters.JUnitReportReporter -->
<testsuite hostname="VIPEELA" failures="0" tests="2" name="testNg_study.tTestNG_class1" time="55.823" errors="0" timestamp="2022-11-14T23:58:47 IST" skipped="0">
  <testcase classname="testNg_study.tTestNG_class1" name="Google" time="4.302"/>
  <system-out>
    <![CDATA[Hi Google is lunched]]>
  </system-out>
  <testcase classname="testNg_study.tTestNG_class1" name="Flipkart" time="51.521"/>
  <system-out>
    <![CDATA[Hi flipkar is lunched ]]>
  </system-out>
</testsuite> <!-- testNg_study.tTestNG_class1 -->
