<?xml version="1.0" encoding="UTF-8"?>
<!-- Generated by org.testng.reporters.JUnitReportReporter -->
<testsuite hostname="VIPEELA" failures="0" tests="6" name="testNG_XMLfile.Testing4_groups" time="0.022" errors="0" timestamp="2022-11-16T21:53:42 IST" skipped="0">
  <testcase classname="testNG_XMLfile.Testing4_groups" name="B" time="0.001"/>
  <system-out>
    <![CDATA[B is running]]>
  </system-out>
  <testcase classname="testNG_XMLfile.Testing4_groups" name="A" time="0.011"/>
  <system-out>
    <![CDATA[A is running]]>
  </system-out>
  <testcase classname="testNG_XMLfile.Testing4_groups" name="C" time="0.002"/>
  <system-out>
    <![CDATA[C is running]]>
  </system-out>
  <testcase classname="testNG_XMLfile.Testing4_groups" name="E" time="0.002"/>
  <system-out>
    <![CDATA[E is running]]>
  </system-out>
  <testcase classname="testNG_XMLfile.Testing4_groups" name="D" time="0.001"/>
  <system-out>
    <![CDATA[D is running]]>
  </system-out>
  <testcase classname="testNG_XMLfile.Testing4_groups" name="F" time="0.005"/>
  <system-out>
    <![CDATA[K is running]]>
  </system-out>
</testsuite> <!-- testNG_XMLfile.Testing4_groups -->
